This file contains any messages produced by compilers while
running configure, to aid debugging if configure makes a mistake.

It was created by gmhome configure SysHome, which was
generated by GNU Autoconf 2.65.  Invocation command line was

  $ ./configure --prefix=/usr --sysconfdir=/etc/sysconfig --localstatedir=/var

## --------- ##
## Platform. ##
## --------- ##

hostname = nyx-spawn
uname -m = x86_64
uname -r = 2.6.32-24-generic
uname -s = Linux
uname -v = #43-Ubuntu SMP Thu Sep 16 14:58:24 UTC 2010

/usr/bin/uname -p = unknown
/bin/uname -X     = unknown

/bin/arch              = unknown
/usr/bin/arch -k       = unknown
/usr/convex/getsysinfo = unknown
/usr/bin/hostinfo      = unknown
/bin/machine           = unknown
/usr/bin/oslevel       = unknown
/bin/universe          = unknown

PATH: /home/walter/bin
PATH: /usr/local/sbin
PATH: /usr/local/bin
PATH: /usr/sbin
PATH: /usr/bin
PATH: /sbin
PATH: /bin
PATH: /usr/games


## ----------- ##
## Core tests. ##
## ----------- ##

configure:2532: checking for a BSD-compatible install
configure:2600: result: /usr/bin/install -c
configure:2611: checking whether build environment is sane
configure:2661: result: yes
configure:2802: checking for a thread-safe mkdir -p
configure:2841: result: /bin/mkdir -p
configure:2854: checking for gawk
configure:2870: found /usr/bin/gawk
configure:2881: result: gawk
configure:2892: checking whether make sets $(MAKE)
configure:2914: result: yes
configure:3023: checking build system type
configure:3037: result: x86_64-unknown-linux-gnu
configure:3057: checking host system type
configure:3070: result: x86_64-unknown-linux-gnu
configure:3102: checking for style of include used by make
configure:3130: result: GNU
configure:3200: checking for gcc
configure:3216: found /usr/bin/gcc
configure:3227: result: gcc
configure:3456: checking for C compiler version
configure:3465: gcc --version >&5
gcc (Ubuntu 4.4.3-4ubuntu5) 4.4.3
Copyright (C) 2009 Free Software Foundation, Inc.
This is free software; see the source for copying conditions.  There is NO
warranty; not even for MERCHANTABILITY or FITNESS FOR A PARTICULAR PURPOSE.

configure:3476: $? = 0
configure:3465: gcc -v >&5
Using built-in specs.
Target: x86_64-linux-gnu
Configured with: ../src/configure -v --with-pkgversion='Ubuntu 4.4.3-4ubuntu5' --with-bugurl=file:///usr/share/doc/gcc-4.4/README.Bugs --enable-languages=c,c++,fortran,objc,obj-c++ --prefix=/usr --enable-shared --enable-multiarch --enable-linker-build-id --with-system-zlib --libexecdir=/usr/lib --without-included-gettext --enable-threads=posix --with-gxx-include-dir=/usr/include/c++/4.4 --program-suffix=-4.4 --enable-nls --enable-clocale=gnu --enable-libstdcxx-debug --enable-plugin --enable-objc-gc --disable-werror --with-arch-32=i486 --with-tune=generic --enable-checking=release --build=x86_64-linux-gnu --host=x86_64-linux-gnu --target=x86_64-linux-gnu
Thread model: posix
gcc version 4.4.3 (Ubuntu 4.4.3-4ubuntu5) 
configure:3476: $? = 0
configure:3465: gcc -V >&5
gcc: '-V' option must have argument
configure:3476: $? = 1
configure:3465: gcc -qversion >&5
gcc: unrecognized option '-qversion'
gcc: no input files
configure:3476: $? = 1
configure:3496: checking whether the C compiler works
configure:3518: gcc    conftest.c  >&5
configure:3522: $? = 0
configure:3571: result: yes
configure:3574: checking for C compiler default output file name
configure:3576: result: a.out
configure:3582: checking for suffix of executables
configure:3589: gcc -o conftest    conftest.c  >&5
configure:3593: $? = 0
configure:3615: result: 
configure:3637: checking whether we are cross compiling
configure:3645: gcc -o conftest    conftest.c  >&5
configure:3649: $? = 0
configure:3656: ./conftest
configure:3660: $? = 0
configure:3675: result: no
configure:3680: checking for suffix of object files
configure:3702: gcc -c   conftest.c >&5
configure:3706: $? = 0
configure:3727: result: o
configure:3731: checking whether we are using the GNU C compiler
configure:3750: gcc -c   conftest.c >&5
configure:3750: $? = 0
configure:3759: result: yes
configure:3768: checking whether gcc accepts -g
configure:3788: gcc -c -g  conftest.c >&5
configure:3788: $? = 0
configure:3829: result: yes
configure:3846: checking for gcc option to accept ISO C89
configure:3910: gcc  -c -g -O2  conftest.c >&5
configure:3910: $? = 0
configure:3923: result: none needed
configure:3945: checking dependency style of gcc
configure:4055: result: gcc3
configure:4070: checking for a sed that does not truncate output
configure:4134: result: /bin/sed
configure:4152: checking for grep that handles long lines and -e
configure:4210: result: /bin/grep
configure:4215: checking for egrep
configure:4277: result: /bin/grep -E
configure:4282: checking for fgrep
configure:4344: result: /bin/grep -F
configure:4379: checking for ld used by gcc
configure:4446: result: /usr/bin/ld
configure:4453: checking if the linker (/usr/bin/ld) is GNU ld
configure:4468: result: yes
configure:4480: checking for BSD- or MS-compatible name lister (nm)
configure:4529: result: /usr/bin/nm -B
configure:4647: checking the name lister (/usr/bin/nm -B) interface
configure:4654: gcc -c -g -O2  conftest.c >&5
configure:4657: /usr/bin/nm -B "conftest.o"
configure:4660: output
0000000000000000 B some_variable
configure:4667: result: BSD nm
configure:4670: checking whether ln -s works
configure:4674: result: yes
configure:4682: checking the maximum length of command line arguments
configure:4802: result: 1572864
configure:4819: checking whether the shell understands some XSI constructs
configure:4829: result: yes
configure:4833: checking whether the shell understands "+="
configure:4839: result: yes
configure:4874: checking for /usr/bin/ld option to reload object files
configure:4881: result: -r
configure:4950: checking for objdump
configure:4966: found /usr/bin/objdump
configure:4977: result: objdump
configure:5009: checking how to recognize dependent libraries
configure:5205: result: pass_all
configure:5265: checking for ar
configure:5281: found /usr/bin/ar
configure:5292: result: ar
configure:5370: checking for strip
configure:5386: found /usr/bin/strip
configure:5397: result: strip
configure:5469: checking for ranlib
configure:5485: found /usr/bin/ranlib
configure:5496: result: ranlib
configure:5586: checking command to parse /usr/bin/nm -B output from gcc object
configure:5704: gcc -c -g -O2  conftest.c >&5
configure:5707: $? = 0
configure:5711: /usr/bin/nm -B conftest.o \| sed -n -e 's/^.*[	 ]\([ABCDGIRSTW][ABCDGIRSTW]*\)[	 ][	 ]*\([_A-Za-z][_A-Za-z0-9]*\)$/\1 \2 \2/p' \> conftest.nm
configure:5714: $? = 0
configure:5768: gcc -o conftest -g -O2   conftest.c conftstm.o >&5
configure:5771: $? = 0
configure:5809: result: ok
configure:5905: gcc -c -g -O2  conftest.c >&5
configure:5908: $? = 0
configure:6618: checking how to run the C preprocessor
configure:6649: gcc -E  conftest.c
configure:6649: $? = 0
configure:6663: gcc -E  conftest.c
conftest.c:11:28: error: ac_nonexistent.h: No such file or directory
configure:6663: $? = 1
configure: failed program was:
| /* confdefs.h */
| #define PACKAGE_NAME "gmhome"
| #define PACKAGE_TARNAME "gmhome"
| #define PACKAGE_VERSION "SysHome"
| #define PACKAGE_STRING "gmhome SysHome"
| #define PACKAGE_BUGREPORT "gnumonitor@gnumonitor.com.ar"
| #define PACKAGE_URL ""
| #define PACKAGE "gmhome"
| #define VERSION "SysHome"
| /* end confdefs.h.  */
| #include <ac_nonexistent.h>
configure:6688: result: gcc -E
configure:6708: gcc -E  conftest.c
configure:6708: $? = 0
configure:6722: gcc -E  conftest.c
conftest.c:11:28: error: ac_nonexistent.h: No such file or directory
configure:6722: $? = 1
configure: failed program was:
| /* confdefs.h */
| #define PACKAGE_NAME "gmhome"
| #define PACKAGE_TARNAME "gmhome"
| #define PACKAGE_VERSION "SysHome"
| #define PACKAGE_STRING "gmhome SysHome"
| #define PACKAGE_BUGREPORT "gnumonitor@gnumonitor.com.ar"
| #define PACKAGE_URL ""
| #define PACKAGE "gmhome"
| #define VERSION "SysHome"
| /* end confdefs.h.  */
| #include <ac_nonexistent.h>
configure:6751: checking for ANSI C header files
configure:6771: gcc -c -g -O2  conftest.c >&5
configure:6771: $? = 0
configure:6844: gcc -o conftest -g -O2   conftest.c  >&5
configure:6844: $? = 0
configure:6844: ./conftest
configure:6844: $? = 0
configure:6855: result: yes
configure:6868: checking for sys/types.h
configure:6868: gcc -c -g -O2  conftest.c >&5
configure:6868: $? = 0
configure:6868: result: yes
configure:6868: checking for sys/stat.h
configure:6868: gcc -c -g -O2  conftest.c >&5
configure:6868: $? = 0
configure:6868: result: yes
configure:6868: checking for stdlib.h
configure:6868: gcc -c -g -O2  conftest.c >&5
configure:6868: $? = 0
configure:6868: result: yes
configure:6868: checking for string.h
configure:6868: gcc -c -g -O2  conftest.c >&5
configure:6868: $? = 0
configure:6868: result: yes
configure:6868: checking for memory.h
configure:6868: gcc -c -g -O2  conftest.c >&5
configure:6868: $? = 0
configure:6868: result: yes
configure:6868: checking for strings.h
configure:6868: gcc -c -g -O2  conftest.c >&5
configure:6868: $? = 0
configure:6868: result: yes
configure:6868: checking for inttypes.h
configure:6868: gcc -c -g -O2  conftest.c >&5
configure:6868: $? = 0
configure:6868: result: yes
configure:6868: checking for stdint.h
configure:6868: gcc -c -g -O2  conftest.c >&5
configure:6868: $? = 0
configure:6868: result: yes
configure:6868: checking for unistd.h
configure:6868: gcc -c -g -O2  conftest.c >&5
configure:6868: $? = 0
configure:6868: result: yes
configure:6883: checking for dlfcn.h
configure:6883: gcc -c -g -O2  conftest.c >&5
configure:6883: $? = 0
configure:6883: result: yes
configure:7067: checking for objdir
configure:7082: result: .libs
configure:7374: checking if gcc supports -fno-rtti -fno-exceptions
configure:7392: gcc -c -g -O2  -fno-rtti -fno-exceptions conftest.c >&5
cc1: warning: command line option "-fno-rtti" is valid for C++/ObjC++ but not for C
configure:7396: $? = 0
configure:7409: result: no
configure:7429: checking for gcc option to produce PIC
configure:7701: result: -fPIC -DPIC
configure:7713: checking if gcc PIC flag -fPIC -DPIC works
configure:7731: gcc -c -g -O2  -fPIC -DPIC -DPIC conftest.c >&5
configure:7735: $? = 0
configure:7748: result: yes
configure:7772: checking if gcc static flag -static works
configure:7800: result: yes
configure:7815: checking if gcc supports -c -o file.o
configure:7836: gcc -c -g -O2  -o out/conftest2.o conftest.c >&5
configure:7840: $? = 0
configure:7862: result: yes
configure:7870: checking if gcc supports -c -o file.o
configure:7917: result: yes
configure:7950: checking whether the gcc linker (/usr/bin/ld -m elf_x86_64) supports shared libraries
configure:8941: result: yes
configure:8978: checking whether -lc should be explicitly linked in
configure:8983: gcc -c -g -O2  conftest.c >&5
configure:8986: $? = 0
configure:9001: gcc -shared conftest.o  -v -Wl,-soname -Wl,conftest -o conftest 2\>\&1 \| /bin/grep  -lc  \>/dev/null 2\>\&1
configure:9004: $? = 0
configure:9016: result: no
configure:9180: checking dynamic linker characteristics
configure:9613: gcc -o conftest -g -O2   -Wl,-rpath -Wl,/foo conftest.c  >&5
configure:9613: $? = 0
configure:9843: result: GNU/Linux ld.so
configure:9945: checking how to hardcode library paths into programs
configure:9970: result: immediate
configure:10490: checking whether stripping libraries is possible
configure:10495: result: yes
configure:10530: checking if libtool supports shared libraries
configure:10532: result: yes
configure:10535: checking whether to build shared libraries
configure:10556: result: yes
configure:10559: checking whether to build static libraries
configure:10563: result: yes
configure:10661: checking for g++
configure:10677: found /usr/bin/g++
configure:10688: result: g++
configure:10715: checking for C++ compiler version
configure:10724: g++ --version >&5
g++ (Ubuntu 4.4.3-4ubuntu5) 4.4.3
Copyright (C) 2009 Free Software Foundation, Inc.
This is free software; see the source for copying conditions.  There is NO
warranty; not even for MERCHANTABILITY or FITNESS FOR A PARTICULAR PURPOSE.

configure:10735: $? = 0
configure:10724: g++ -v >&5
Using built-in specs.
Target: x86_64-linux-gnu
Configured with: ../src/configure -v --with-pkgversion='Ubuntu 4.4.3-4ubuntu5' --with-bugurl=file:///usr/share/doc/gcc-4.4/README.Bugs --enable-languages=c,c++,fortran,objc,obj-c++ --prefix=/usr --enable-shared --enable-multiarch --enable-linker-build-id --with-system-zlib --libexecdir=/usr/lib --without-included-gettext --enable-threads=posix --with-gxx-include-dir=/usr/include/c++/4.4 --program-suffix=-4.4 --enable-nls --enable-clocale=gnu --enable-libstdcxx-debug --enable-plugin --enable-objc-gc --disable-werror --with-arch-32=i486 --with-tune=generic --enable-checking=release --build=x86_64-linux-gnu --host=x86_64-linux-gnu --target=x86_64-linux-gnu
Thread model: posix
gcc version 4.4.3 (Ubuntu 4.4.3-4ubuntu5) 
configure:10735: $? = 0
configure:10724: g++ -V >&5
g++: '-V' option must have argument
configure:10735: $? = 1
configure:10724: g++ -qversion >&5
g++: unrecognized option '-qversion'
g++: no input files
configure:10735: $? = 1
configure:10739: checking whether we are using the GNU C++ compiler
configure:10758: g++ -c   conftest.cpp >&5
configure:10758: $? = 0
configure:10767: result: yes
configure:10776: checking whether g++ accepts -g
configure:10796: g++ -c -g  conftest.cpp >&5
configure:10796: $? = 0
configure:10837: result: yes
configure:10862: checking dependency style of g++
configure:10972: result: gcc3
configure:11100: checking for C++ compiler version
configure:11109: g++ --version >&5
g++ (Ubuntu 4.4.3-4ubuntu5) 4.4.3
Copyright (C) 2009 Free Software Foundation, Inc.
This is free software; see the source for copying conditions.  There is NO
warranty; not even for MERCHANTABILITY or FITNESS FOR A PARTICULAR PURPOSE.

configure:11120: $? = 0
configure:11109: g++ -v >&5
Using built-in specs.
Target: x86_64-linux-gnu
Configured with: ../src/configure -v --with-pkgversion='Ubuntu 4.4.3-4ubuntu5' --with-bugurl=file:///usr/share/doc/gcc-4.4/README.Bugs --enable-languages=c,c++,fortran,objc,obj-c++ --prefix=/usr --enable-shared --enable-multiarch --enable-linker-build-id --with-system-zlib --libexecdir=/usr/lib --without-included-gettext --enable-threads=posix --with-gxx-include-dir=/usr/include/c++/4.4 --program-suffix=-4.4 --enable-nls --enable-clocale=gnu --enable-libstdcxx-debug --enable-plugin --enable-objc-gc --disable-werror --with-arch-32=i486 --with-tune=generic --enable-checking=release --build=x86_64-linux-gnu --host=x86_64-linux-gnu --target=x86_64-linux-gnu
Thread model: posix
gcc version 4.4.3 (Ubuntu 4.4.3-4ubuntu5) 
configure:11120: $? = 0
configure:11109: g++ -V >&5
g++: '-V' option must have argument
configure:11120: $? = 1
configure:11109: g++ -qversion >&5
g++: unrecognized option '-qversion'
g++: no input files
configure:11120: $? = 1
configure:11124: checking whether we are using the GNU C++ compiler
configure:11152: result: yes
configure:11161: checking whether g++ accepts -g
configure:11222: result: yes
configure:11247: checking dependency style of g++
configure:11357: result: gcc3
configure:11380: checking how to run the C++ preprocessor
configure:11407: g++ -E  conftest.cpp
configure:11407: $? = 0
configure:11421: g++ -E  conftest.cpp
conftest.cpp:23:28: error: ac_nonexistent.h: No such file or directory
configure:11421: $? = 1
configure: failed program was:
| /* confdefs.h */
| #define PACKAGE_NAME "gmhome"
| #define PACKAGE_TARNAME "gmhome"
| #define PACKAGE_VERSION "SysHome"
| #define PACKAGE_STRING "gmhome SysHome"
| #define PACKAGE_BUGREPORT "gnumonitor@gnumonitor.com.ar"
| #define PACKAGE_URL ""
| #define PACKAGE "gmhome"
| #define VERSION "SysHome"
| #define STDC_HEADERS 1
| #define HAVE_SYS_TYPES_H 1
| #define HAVE_SYS_STAT_H 1
| #define HAVE_STDLIB_H 1
| #define HAVE_STRING_H 1
| #define HAVE_MEMORY_H 1
| #define HAVE_STRINGS_H 1
| #define HAVE_INTTYPES_H 1
| #define HAVE_STDINT_H 1
| #define HAVE_UNISTD_H 1
| #define HAVE_DLFCN_H 1
| #define LT_OBJDIR ".libs/"
| /* end confdefs.h.  */
| #include <ac_nonexistent.h>
configure:11446: result: g++ -E
configure:11466: g++ -E  conftest.cpp
configure:11466: $? = 0
configure:11480: g++ -E  conftest.cpp
conftest.cpp:23:28: error: ac_nonexistent.h: No such file or directory
configure:11480: $? = 1
configure: failed program was:
| /* confdefs.h */
| #define PACKAGE_NAME "gmhome"
| #define PACKAGE_TARNAME "gmhome"
| #define PACKAGE_VERSION "SysHome"
| #define PACKAGE_STRING "gmhome SysHome"
| #define PACKAGE_BUGREPORT "gnumonitor@gnumonitor.com.ar"
| #define PACKAGE_URL ""
| #define PACKAGE "gmhome"
| #define VERSION "SysHome"
| #define STDC_HEADERS 1
| #define HAVE_SYS_TYPES_H 1
| #define HAVE_SYS_STAT_H 1
| #define HAVE_STDLIB_H 1
| #define HAVE_STRING_H 1
| #define HAVE_MEMORY_H 1
| #define HAVE_STRINGS_H 1
| #define HAVE_INTTYPES_H 1
| #define HAVE_STDINT_H 1
| #define HAVE_UNISTD_H 1
| #define HAVE_DLFCN_H 1
| #define LT_OBJDIR ".libs/"
| /* end confdefs.h.  */
| #include <ac_nonexistent.h>
configure:11648: checking for ld used by g++
configure:11715: result: /usr/bin/ld -m elf_x86_64
configure:11722: checking if the linker (/usr/bin/ld -m elf_x86_64) is GNU ld
configure:11737: result: yes
configure:11792: checking whether the g++ linker (/usr/bin/ld -m elf_x86_64) supports shared libraries
configure:12705: result: yes
configure:12733: g++ -c -g -O2  conftest.cpp >&5
configure:12736: $? = 0
configure:12918: checking for g++ option to produce PIC
configure:13235: result: -fPIC -DPIC
configure:13244: checking if g++ PIC flag -fPIC -DPIC works
configure:13262: g++ -c -g -O2  -fPIC -DPIC -DPIC conftest.cpp >&5
configure:13266: $? = 0
configure:13279: result: yes
configure:13300: checking if g++ static flag -static works
configure:13328: result: yes
configure:13340: checking if g++ supports -c -o file.o
configure:13361: g++ -c -g -O2  -o out/conftest2.o conftest.cpp >&5
configure:13365: $? = 0
configure:13387: result: yes
configure:13392: checking if g++ supports -c -o file.o
configure:13439: result: yes
configure:13469: checking whether the g++ linker (/usr/bin/ld -m elf_x86_64) supports shared libraries
configure:13498: result: yes
configure:13635: checking dynamic linker characteristics
configure:14016: g++ -o conftest -g -O2   -Wl,-rpath -Wl,/foo conftest.cpp  >&5
configure:14016: $? = 0
configure:14246: result: GNU/Linux ld.so
configure:14297: checking how to hardcode library paths into programs
configure:14322: result: immediate
configure:14409: checking for gcc
configure:14436: result: gcc
configure:14665: checking for C compiler version
configure:14674: gcc --version >&5
gcc (Ubuntu 4.4.3-4ubuntu5) 4.4.3
Copyright (C) 2009 Free Software Foundation, Inc.
This is free software; see the source for copying conditions.  There is NO
warranty; not even for MERCHANTABILITY or FITNESS FOR A PARTICULAR PURPOSE.

configure:14685: $? = 0
configure:14674: gcc -v >&5
Using built-in specs.
Target: x86_64-linux-gnu
Configured with: ../src/configure -v --with-pkgversion='Ubuntu 4.4.3-4ubuntu5' --with-bugurl=file:///usr/share/doc/gcc-4.4/README.Bugs --enable-languages=c,c++,fortran,objc,obj-c++ --prefix=/usr --enable-shared --enable-multiarch --enable-linker-build-id --with-system-zlib --libexecdir=/usr/lib --without-included-gettext --enable-threads=posix --with-gxx-include-dir=/usr/include/c++/4.4 --program-suffix=-4.4 --enable-nls --enable-clocale=gnu --enable-libstdcxx-debug --enable-plugin --enable-objc-gc --disable-werror --with-arch-32=i486 --with-tune=generic --enable-checking=release --build=x86_64-linux-gnu --host=x86_64-linux-gnu --target=x86_64-linux-gnu
Thread model: posix
gcc version 4.4.3 (Ubuntu 4.4.3-4ubuntu5) 
configure:14685: $? = 0
configure:14674: gcc -V >&5
gcc: '-V' option must have argument
configure:14685: $? = 1
configure:14674: gcc -qversion >&5
gcc: unrecognized option '-qversion'
gcc: no input files
configure:14685: $? = 1
configure:14689: checking whether we are using the GNU C compiler
configure:14717: result: yes
configure:14726: checking whether gcc accepts -g
configure:14787: result: yes
configure:14804: checking for gcc option to accept ISO C89
configure:14881: result: none needed
configure:14903: checking dependency style of gcc
configure:15013: result: gcc3
configure:15029: checking whether make sets $(MAKE)
configure:15051: result: yes
configure:15064: checking for ANSI C header files
configure:15168: result: yes
configure:15176: checking for sys/wait.h that is POSIX.1 compatible
configure:15202: gcc -c -g -O2  conftest.c >&5
configure:15202: $? = 0
configure:15209: result: yes
configure:15220: checking for stdlib.h
configure:15220: result: yes
configure:15220: checking for string.h
configure:15220: result: yes
configure:15220: checking sys/time.h usability
configure:15220: gcc -c -g -O2  conftest.c >&5
configure:15220: $? = 0
configure:15220: result: yes
configure:15220: checking sys/time.h presence
configure:15220: gcc -E  conftest.c
configure:15220: $? = 0
configure:15220: result: yes
configure:15220: checking for sys/time.h
configure:15220: result: yes
configure:15220: checking syslog.h usability
configure:15220: gcc -c -g -O2  conftest.c >&5
configure:15220: $? = 0
configure:15220: result: yes
configure:15220: checking syslog.h presence
configure:15220: gcc -E  conftest.c
configure:15220: $? = 0
configure:15220: result: yes
configure:15220: checking for syslog.h
configure:15220: result: yes
configure:15220: checking for unistd.h
configure:15220: result: yes
configure:15233: checking for an ANSI C-conforming const
configure:15298: gcc -c -g -O2  conftest.c >&5
configure:15298: $? = 0
configure:15305: result: yes
configure:15313: checking whether struct tm is in sys/time.h or time.h
configure:15333: gcc -c -g -O2  conftest.c >&5
configure:15333: $? = 0
configure:15340: result: time.h
configure:15350: checking for pid_t
configure:15350: gcc -c -g -O2  conftest.c >&5
configure:15350: $? = 0
configure:15350: gcc -c -g -O2  conftest.c >&5
conftest.c: In function 'main':
conftest.c:66: error: expected expression before ')' token
configure:15350: $? = 1
configure: failed program was:
| /* confdefs.h */
| #define PACKAGE_NAME "gmhome"
| #define PACKAGE_TARNAME "gmhome"
| #define PACKAGE_VERSION "SysHome"
| #define PACKAGE_STRING "gmhome SysHome"
| #define PACKAGE_BUGREPORT "gnumonitor@gnumonitor.com.ar"
| #define PACKAGE_URL ""
| #define PACKAGE "gmhome"
| #define VERSION "SysHome"
| #define STDC_HEADERS 1
| #define HAVE_SYS_TYPES_H 1
| #define HAVE_SYS_STAT_H 1
| #define HAVE_STDLIB_H 1
| #define HAVE_STRING_H 1
| #define HAVE_MEMORY_H 1
| #define HAVE_STRINGS_H 1
| #define HAVE_INTTYPES_H 1
| #define HAVE_STDINT_H 1
| #define HAVE_UNISTD_H 1
| #define HAVE_DLFCN_H 1
| #define LT_OBJDIR ".libs/"
| #define STDC_HEADERS 1
| #define HAVE_SYS_WAIT_H 1
| #define HAVE_STDLIB_H 1
| #define HAVE_STRING_H 1
| #define HAVE_SYS_TIME_H 1
| #define HAVE_SYSLOG_H 1
| #define HAVE_UNISTD_H 1
| /* end confdefs.h.  */
| #include <stdio.h>
| #ifdef HAVE_SYS_TYPES_H
| # include <sys/types.h>
| #endif
| #ifdef HAVE_SYS_STAT_H
| # include <sys/stat.h>
| #endif
| #ifdef STDC_HEADERS
| # include <stdlib.h>
| # include <stddef.h>
| #else
| # ifdef HAVE_STDLIB_H
| #  include <stdlib.h>
| # endif
| #endif
| #ifdef HAVE_STRING_H
| # if !defined STDC_HEADERS && defined HAVE_MEMORY_H
| #  include <memory.h>
| # endif
| # include <string.h>
| #endif
| #ifdef HAVE_STRINGS_H
| # include <strings.h>
| #endif
| #ifdef HAVE_INTTYPES_H
| # include <inttypes.h>
| #endif
| #ifdef HAVE_STDINT_H
| # include <stdint.h>
| #endif
| #ifdef HAVE_UNISTD_H
| # include <unistd.h>
| #endif
| int
| main ()
| {
| if (sizeof ((pid_t)))
| 	    return 0;
|   ;
|   return 0;
| }
configure:15350: result: yes
configure:15363: checking vfork.h usability
configure:15363: gcc -c -g -O2  conftest.c >&5
conftest.c:63:19: error: vfork.h: No such file or directory
configure:15363: $? = 1
configure: failed program was:
| /* confdefs.h */
| #define PACKAGE_NAME "gmhome"
| #define PACKAGE_TARNAME "gmhome"
| #define PACKAGE_VERSION "SysHome"
| #define PACKAGE_STRING "gmhome SysHome"
| #define PACKAGE_BUGREPORT "gnumonitor@gnumonitor.com.ar"
| #define PACKAGE_URL ""
| #define PACKAGE "gmhome"
| #define VERSION "SysHome"
| #define STDC_HEADERS 1
| #define HAVE_SYS_TYPES_H 1
| #define HAVE_SYS_STAT_H 1
| #define HAVE_STDLIB_H 1
| #define HAVE_STRING_H 1
| #define HAVE_MEMORY_H 1
| #define HAVE_STRINGS_H 1
| #define HAVE_INTTYPES_H 1
| #define HAVE_STDINT_H 1
| #define HAVE_UNISTD_H 1
| #define HAVE_DLFCN_H 1
| #define LT_OBJDIR ".libs/"
| #define STDC_HEADERS 1
| #define HAVE_SYS_WAIT_H 1
| #define HAVE_STDLIB_H 1
| #define HAVE_STRING_H 1
| #define HAVE_SYS_TIME_H 1
| #define HAVE_SYSLOG_H 1
| #define HAVE_UNISTD_H 1
| /* end confdefs.h.  */
| #include <stdio.h>
| #ifdef HAVE_SYS_TYPES_H
| # include <sys/types.h>
| #endif
| #ifdef HAVE_SYS_STAT_H
| # include <sys/stat.h>
| #endif
| #ifdef STDC_HEADERS
| # include <stdlib.h>
| # include <stddef.h>
| #else
| # ifdef HAVE_STDLIB_H
| #  include <stdlib.h>
| # endif
| #endif
| #ifdef HAVE_STRING_H
| # if !defined STDC_HEADERS && defined HAVE_MEMORY_H
| #  include <memory.h>
| # endif
| # include <string.h>
| #endif
| #ifdef HAVE_STRINGS_H
| # include <strings.h>
| #endif
| #ifdef HAVE_INTTYPES_H
| # include <inttypes.h>
| #endif
| #ifdef HAVE_STDINT_H
| # include <stdint.h>
| #endif
| #ifdef HAVE_UNISTD_H
| # include <unistd.h>
| #endif
| #include <vfork.h>
configure:15363: result: no
configure:15363: checking vfork.h presence
configure:15363: gcc -E  conftest.c
conftest.c:30:19: error: vfork.h: No such file or directory
configure:15363: $? = 1
configure: failed program was:
| /* confdefs.h */
| #define PACKAGE_NAME "gmhome"
| #define PACKAGE_TARNAME "gmhome"
| #define PACKAGE_VERSION "SysHome"
| #define PACKAGE_STRING "gmhome SysHome"
| #define PACKAGE_BUGREPORT "gnumonitor@gnumonitor.com.ar"
| #define PACKAGE_URL ""
| #define PACKAGE "gmhome"
| #define VERSION "SysHome"
| #define STDC_HEADERS 1
| #define HAVE_SYS_TYPES_H 1
| #define HAVE_SYS_STAT_H 1
| #define HAVE_STDLIB_H 1
| #define HAVE_STRING_H 1
| #define HAVE_MEMORY_H 1
| #define HAVE_STRINGS_H 1
| #define HAVE_INTTYPES_H 1
| #define HAVE_STDINT_H 1
| #define HAVE_UNISTD_H 1
| #define HAVE_DLFCN_H 1
| #define LT_OBJDIR ".libs/"
| #define STDC_HEADERS 1
| #define HAVE_SYS_WAIT_H 1
| #define HAVE_STDLIB_H 1
| #define HAVE_STRING_H 1
| #define HAVE_SYS_TIME_H 1
| #define HAVE_SYSLOG_H 1
| #define HAVE_UNISTD_H 1
| /* end confdefs.h.  */
| #include <vfork.h>
configure:15363: result: no
configure:15363: checking for vfork.h
configure:15363: result: no
configure:15376: checking for fork
configure:15376: gcc -o conftest -g -O2   conftest.c  >&5
conftest.c:53: warning: conflicting types for built-in function 'fork'
configure:15376: $? = 0
configure:15376: result: yes
configure:15376: checking for vfork
configure:15376: gcc -o conftest -g -O2   conftest.c  >&5
configure:15376: $? = 0
configure:15376: result: yes
configure:15387: checking for working fork
configure:15409: gcc -o conftest -g -O2   conftest.c  >&5
configure:15409: $? = 0
configure:15409: ./conftest
configure:15409: $? = 0
configure:15419: result: yes
configure:15440: checking for working vfork
configure:15550: result: yes
configure:15577: checking for stdlib.h
configure:15577: result: yes
configure:15587: checking for GNU libc compatible malloc
configure:15611: gcc -o conftest -g -O2   conftest.c  >&5
configure:15611: $? = 0
configure:15611: ./conftest
configure:15611: $? = 0
configure:15621: result: yes
configure:15642: checking return type of signal handlers
configure:15660: gcc -c -g -O2  conftest.c >&5
conftest.c: In function 'main':
conftest.c:42: error: void value not ignored as it ought to be
configure:15660: $? = 1
configure: failed program was:
| /* confdefs.h */
| #define PACKAGE_NAME "gmhome"
| #define PACKAGE_TARNAME "gmhome"
| #define PACKAGE_VERSION "SysHome"
| #define PACKAGE_STRING "gmhome SysHome"
| #define PACKAGE_BUGREPORT "gnumonitor@gnumonitor.com.ar"
| #define PACKAGE_URL ""
| #define PACKAGE "gmhome"
| #define VERSION "SysHome"
| #define STDC_HEADERS 1
| #define HAVE_SYS_TYPES_H 1
| #define HAVE_SYS_STAT_H 1
| #define HAVE_STDLIB_H 1
| #define HAVE_STRING_H 1
| #define HAVE_MEMORY_H 1
| #define HAVE_STRINGS_H 1
| #define HAVE_INTTYPES_H 1
| #define HAVE_STDINT_H 1
| #define HAVE_UNISTD_H 1
| #define HAVE_DLFCN_H 1
| #define LT_OBJDIR ".libs/"
| #define STDC_HEADERS 1
| #define HAVE_SYS_WAIT_H 1
| #define HAVE_STDLIB_H 1
| #define HAVE_STRING_H 1
| #define HAVE_SYS_TIME_H 1
| #define HAVE_SYSLOG_H 1
| #define HAVE_UNISTD_H 1
| #define HAVE_FORK 1
| #define HAVE_VFORK 1
| #define HAVE_WORKING_VFORK 1
| #define HAVE_WORKING_FORK 1
| #define HAVE_STDLIB_H 1
| #define HAVE_MALLOC 1
| /* end confdefs.h.  */
| #include <sys/types.h>
| #include <signal.h>
| 
| int
| main ()
| {
| return *(signal (0, 0)) (0) == 1;
|   ;
|   return 0;
| }
configure:15667: result: void
configure:15675: checking whether lstat correctly handles trailing slash
configure:15701: gcc -o conftest -g -O2   conftest.c  >&5
configure:15701: $? = 0
configure:15701: ./conftest
configure:15701: $? = 0
configure:15718: result: yes
configure:15737: checking whether stat accepts an empty string
configure:15757: gcc -o conftest -g -O2   conftest.c  >&5
configure:15757: $? = 0
configure:15757: ./conftest
configure:15757: $? = 0
configure:15767: result: no
configure:15785: checking for vprintf
configure:15785: gcc -o conftest -g -O2   conftest.c  >&5
conftest.c:61: warning: conflicting types for built-in function 'vprintf'
configure:15785: $? = 0
configure:15785: result: yes
configure:15791: checking for _doprnt
configure:15791: gcc -o conftest -g -O2   conftest.c  >&5
/tmp/cckTAV3u.o: In function `main':
/home/walter/Sources/Gnu-Monitor/gmhome/system/syshome/conftest.c:73: undefined reference to `_doprnt'
collect2: ld returned 1 exit status
configure:15791: $? = 1
configure: failed program was:
| /* confdefs.h */
| #define PACKAGE_NAME "gmhome"
| #define PACKAGE_TARNAME "gmhome"
| #define PACKAGE_VERSION "SysHome"
| #define PACKAGE_STRING "gmhome SysHome"
| #define PACKAGE_BUGREPORT "gnumonitor@gnumonitor.com.ar"
| #define PACKAGE_URL ""
| #define PACKAGE "gmhome"
| #define VERSION "SysHome"
| #define STDC_HEADERS 1
| #define HAVE_SYS_TYPES_H 1
| #define HAVE_SYS_STAT_H 1
| #define HAVE_STDLIB_H 1
| #define HAVE_STRING_H 1
| #define HAVE_MEMORY_H 1
| #define HAVE_STRINGS_H 1
| #define HAVE_INTTYPES_H 1
| #define HAVE_STDINT_H 1
| #define HAVE_UNISTD_H 1
| #define HAVE_DLFCN_H 1
| #define LT_OBJDIR ".libs/"
| #define STDC_HEADERS 1
| #define HAVE_SYS_WAIT_H 1
| #define HAVE_STDLIB_H 1
| #define HAVE_STRING_H 1
| #define HAVE_SYS_TIME_H 1
| #define HAVE_SYSLOG_H 1
| #define HAVE_UNISTD_H 1
| #define HAVE_FORK 1
| #define HAVE_VFORK 1
| #define HAVE_WORKING_VFORK 1
| #define HAVE_WORKING_FORK 1
| #define HAVE_STDLIB_H 1
| #define HAVE_MALLOC 1
| #define RETSIGTYPE void
| #define LSTAT_FOLLOWS_SLASHED_SYMLINK 1
| #define HAVE_VPRINTF 1
| /* end confdefs.h.  */
| /* Define _doprnt to an innocuous variant, in case <limits.h> declares _doprnt.
|    For example, HP-UX 11i <limits.h> declares gettimeofday.  */
| #define _doprnt innocuous__doprnt
| 
| /* System header to define __stub macros and hopefully few prototypes,
|     which can conflict with char _doprnt (); below.
|     Prefer <limits.h> to <assert.h> if __STDC__ is defined, since
|     <limits.h> exists even on freestanding compilers.  */
| 
| #ifdef __STDC__
| # include <limits.h>
| #else
| # include <assert.h>
| #endif
| 
| #undef _doprnt
| 
| /* Override any GCC internal prototype to avoid an error.
|    Use char because int might match the return type of a GCC
|    builtin and then its argument prototype would still apply.  */
| #ifdef __cplusplus
| extern "C"
| #endif
| char _doprnt ();
| /* The GNU C library defines this for functions which it implements
|     to always fail with ENOSYS.  Some functions are actually named
|     something starting with __ and the normal name is an alias.  */
| #if defined __stub__doprnt || defined __stub____doprnt
| choke me
| #endif
| 
| int
| main ()
| {
| return _doprnt ();
|   ;
|   return 0;
| }
configure:15791: result: no
configure:15805: checking for alarm
configure:15805: gcc -o conftest -g -O2   conftest.c  >&5
configure:15805: $? = 0
configure:15805: result: yes
configure:15805: checking for dup2
configure:15805: gcc -o conftest -g -O2   conftest.c  >&5
configure:15805: $? = 0
configure:15805: result: yes
configure:15805: checking for memset
configure:15805: gcc -o conftest -g -O2   conftest.c  >&5
conftest.c:64: warning: conflicting types for built-in function 'memset'
configure:15805: $? = 0
configure:15805: result: yes
configure:15805: checking for strerror
configure:15805: gcc -o conftest -g -O2   conftest.c  >&5
configure:15805: $? = 0
configure:15805: result: yes
configure:15805: checking for strstr
configure:15805: gcc -o conftest -g -O2   conftest.c  >&5
conftest.c:66: warning: conflicting types for built-in function 'strstr'
configure:15805: $? = 0
configure:15805: result: yes
configure:15954: creating ./config.status

## ---------------------- ##
## Running config.status. ##
## ---------------------- ##

This file was extended by gmhome config.status SysHome, which was
generated by GNU Autoconf 2.65.  Invocation command line was

  CONFIG_FILES    = 
  CONFIG_HEADERS  = 
  CONFIG_LINKS    = 
  CONFIG_COMMANDS = 
  $ ./config.status 

on nyx-spawn

config.status:1147: creating Makefile
config.status:1147: creating client/Makefile
config.status:1147: creating server/Makefile
config.status:1147: creating config.h
config.status:1367: executing depfiles commands
config.status:1367: executing libtool commands

## ---------------- ##
## Cache variables. ##
## ---------------- ##

ac_cv_build=x86_64-unknown-linux-gnu
ac_cv_c_compiler_gnu=yes
ac_cv_c_const=yes
ac_cv_cxx_compiler_gnu=yes
ac_cv_env_CCC_set=
ac_cv_env_CCC_value=
ac_cv_env_CC_set=
ac_cv_env_CC_value=
ac_cv_env_CFLAGS_set=
ac_cv_env_CFLAGS_value=
ac_cv_env_CPPFLAGS_set=
ac_cv_env_CPPFLAGS_value=
ac_cv_env_CPP_set=
ac_cv_env_CPP_value=
ac_cv_env_CXXCPP_set=
ac_cv_env_CXXCPP_value=
ac_cv_env_CXXFLAGS_set=
ac_cv_env_CXXFLAGS_value=
ac_cv_env_CXX_set=
ac_cv_env_CXX_value=
ac_cv_env_LDFLAGS_set=
ac_cv_env_LDFLAGS_value=
ac_cv_env_LIBS_set=
ac_cv_env_LIBS_value=
ac_cv_env_build_alias_set=
ac_cv_env_build_alias_value=
ac_cv_env_host_alias_set=
ac_cv_env_host_alias_value=
ac_cv_env_target_alias_set=
ac_cv_env_target_alias_value=
ac_cv_func__doprnt=no
ac_cv_func_alarm=yes
ac_cv_func_dup2=yes
ac_cv_func_fork=yes
ac_cv_func_fork_works=yes
ac_cv_func_lstat_dereferences_slashed_symlink=yes
ac_cv_func_malloc_0_nonnull=yes
ac_cv_func_memset=yes
ac_cv_func_stat_empty_string_bug=no
ac_cv_func_strerror=yes
ac_cv_func_strstr=yes
ac_cv_func_vfork=yes
ac_cv_func_vfork_works=yes
ac_cv_func_vprintf=yes
ac_cv_header_dlfcn_h=yes
ac_cv_header_inttypes_h=yes
ac_cv_header_memory_h=yes
ac_cv_header_stdc=yes
ac_cv_header_stdint_h=yes
ac_cv_header_stdlib_h=yes
ac_cv_header_string_h=yes
ac_cv_header_strings_h=yes
ac_cv_header_sys_stat_h=yes
ac_cv_header_sys_time_h=yes
ac_cv_header_sys_types_h=yes
ac_cv_header_sys_wait_h=yes
ac_cv_header_syslog_h=yes
ac_cv_header_unistd_h=yes
ac_cv_header_vfork_h=no
ac_cv_host=x86_64-unknown-linux-gnu
ac_cv_objext=o
ac_cv_path_EGREP='/bin/grep -E'
ac_cv_path_FGREP='/bin/grep -F'
ac_cv_path_GREP=/bin/grep
ac_cv_path_SED=/bin/sed
ac_cv_path_install='/usr/bin/install -c'
ac_cv_path_mkdir=/bin/mkdir
ac_cv_prog_AWK=gawk
ac_cv_prog_CPP='gcc -E'
ac_cv_prog_CXXCPP='g++ -E'
ac_cv_prog_ac_ct_AR=ar
ac_cv_prog_ac_ct_CC=gcc
ac_cv_prog_ac_ct_CXX=g++
ac_cv_prog_ac_ct_OBJDUMP=objdump
ac_cv_prog_ac_ct_RANLIB=ranlib
ac_cv_prog_ac_ct_STRIP=strip
ac_cv_prog_cc_c89=
ac_cv_prog_cc_g=yes
ac_cv_prog_cxx_g=yes
ac_cv_prog_make_make_set=yes
ac_cv_struct_tm=time.h
ac_cv_type_pid_t=yes
ac_cv_type_signal=void
am_cv_CC_dependencies_compiler_type=gcc3
am_cv_CXX_dependencies_compiler_type=gcc3
lt_cv_deplibs_check_method=pass_all
lt_cv_file_magic_cmd='$MAGIC_CMD'
lt_cv_file_magic_test_file=
lt_cv_ld_reload_flag=-r
lt_cv_nm_interface='BSD nm'
lt_cv_objdir=.libs
lt_cv_path_LD=/usr/bin/ld
lt_cv_path_LDCXX='/usr/bin/ld -m elf_x86_64'
lt_cv_path_NM='/usr/bin/nm -B'
lt_cv_prog_compiler_c_o=yes
lt_cv_prog_compiler_c_o_CXX=yes
lt_cv_prog_compiler_pic_works=yes
lt_cv_prog_compiler_pic_works_CXX=yes
lt_cv_prog_compiler_rtti_exceptions=no
lt_cv_prog_compiler_static_works=yes
lt_cv_prog_compiler_static_works_CXX=yes
lt_cv_prog_gnu_ld=yes
lt_cv_prog_gnu_ldcxx=yes
lt_cv_sys_global_symbol_pipe='sed -n -e '\''s/^.*[	 ]\([ABCDGIRSTW][ABCDGIRSTW]*\)[	 ][	 ]*\([_A-Za-z][_A-Za-z0-9]*\)$/\1 \2 \2/p'\'''
lt_cv_sys_global_symbol_to_c_name_address='sed -n -e '\''s/^: \([^ ]*\) $/  {\"\1\", (void *) 0},/p'\'' -e '\''s/^[ABCDGIRSTW]* \([^ ]*\) \([^ ]*\)$/  {"\2", (void *) \&\2},/p'\'''
lt_cv_sys_global_symbol_to_c_name_address_lib_prefix='sed -n -e '\''s/^: \([^ ]*\) $/  {\"\1\", (void *) 0},/p'\'' -e '\''s/^[ABCDGIRSTW]* \([^ ]*\) \(lib[^ ]*\)$/  {"\2", (void *) \&\2},/p'\'' -e '\''s/^[ABCDGIRSTW]* \([^ ]*\) \([^ ]*\)$/  {"lib\2", (void *) \&\2},/p'\'''
lt_cv_sys_global_symbol_to_cdecl='sed -n -e '\''s/^T .* \(.*\)$/extern int \1();/p'\'' -e '\''s/^[ABCDGIRSTW]* .* \(.*\)$/extern char \1;/p'\'''
lt_cv_sys_max_cmd_len=1572864

## ----------------- ##
## Output variables. ##
## ----------------- ##

ACLOCAL='${SHELL} /home/walter/Sources/Gnu-Monitor/gmhome/system/syshome/missing --run aclocal-1.11'
AMDEPBACKSLASH='\'
AMDEP_FALSE='#'
AMDEP_TRUE=''
AMTAR='${SHELL} /home/walter/Sources/Gnu-Monitor/gmhome/system/syshome/missing --run tar'
AR='ar'
AUTOCONF='${SHELL} /home/walter/Sources/Gnu-Monitor/gmhome/system/syshome/missing --run autoconf'
AUTOHEADER='${SHELL} /home/walter/Sources/Gnu-Monitor/gmhome/system/syshome/missing --run autoheader'
AUTOMAKE='${SHELL} /home/walter/Sources/Gnu-Monitor/gmhome/system/syshome/missing --run automake-1.11'
AWK='gawk'
CC='gcc'
CCDEPMODE='depmode=gcc3'
CFLAGS='-g -O2'
CPP='gcc -E'
CPPFLAGS=''
CXX='g++'
CXXCPP='g++ -E'
CXXDEPMODE='depmode=gcc3'
CXXFLAGS='-g -O2'
CYGPATH_W='echo'
DEFS='-DHAVE_CONFIG_H'
DEPDIR='.deps'
DSYMUTIL=''
DUMPBIN=''
ECHO_C=''
ECHO_N='-n'
ECHO_T=''
EGREP='/bin/grep -E'
EXEEXT=''
FGREP='/bin/grep -F'
GREP='/bin/grep'
INSTALL_DATA='${INSTALL} -m 644'
INSTALL_PROGRAM='${INSTALL}'
INSTALL_SCRIPT='${INSTALL}'
INSTALL_STRIP_PROGRAM='$(install_sh) -c -s'
LD='/usr/bin/ld -m elf_x86_64'
LDFLAGS=''
LIBOBJS=''
LIBS=''
LIBTOOL='$(SHELL) $(top_builddir)/libtool'
LIPO=''
LN_S='ln -s'
LTLIBOBJS=''
MAKEINFO='${SHELL} /home/walter/Sources/Gnu-Monitor/gmhome/system/syshome/missing --run makeinfo'
MKDIR_P='/bin/mkdir -p'
NM='/usr/bin/nm -B'
NMEDIT=''
OBJDUMP='objdump'
OBJEXT='o'
OTOOL64=''
OTOOL=''
PACKAGE='gmhome'
PACKAGE_BUGREPORT='gnumonitor@gnumonitor.com.ar'
PACKAGE_NAME='gmhome'
PACKAGE_STRING='gmhome SysHome'
PACKAGE_TARNAME='gmhome'
PACKAGE_URL=''
PACKAGE_VERSION='SysHome'
PATH_SEPARATOR=':'
RANLIB='ranlib'
SED='/bin/sed'
SET_MAKE=''
SHELL='/bin/bash'
STRIP='strip'
VERSION='SysHome'
ac_ct_CC='gcc'
ac_ct_CXX='g++'
ac_ct_DUMPBIN=''
am__EXEEXT_FALSE=''
am__EXEEXT_TRUE='#'
am__fastdepCC_FALSE='#'
am__fastdepCC_TRUE=''
am__fastdepCXX_FALSE='#'
am__fastdepCXX_TRUE=''
am__include='include'
am__isrc=''
am__leading_dot='.'
am__quote=''
am__tar='${AMTAR} chof - "$$tardir"'
am__untar='${AMTAR} xf -'
bindir='${exec_prefix}/bin'
build='x86_64-unknown-linux-gnu'
build_alias=''
build_cpu='x86_64'
build_os='linux-gnu'
build_vendor='unknown'
datadir='${datarootdir}'
datarootdir='${prefix}/share'
docdir='${datarootdir}/doc/${PACKAGE_TARNAME}'
dvidir='${docdir}'
exec_prefix='${prefix}'
host='x86_64-unknown-linux-gnu'
host_alias=''
host_cpu='x86_64'
host_os='linux-gnu'
host_vendor='unknown'
htmldir='${docdir}'
includedir='${prefix}/include'
infodir='${datarootdir}/info'
install_sh='${SHELL} /home/walter/Sources/Gnu-Monitor/gmhome/system/syshome/install-sh'
libdir='${exec_prefix}/lib'
libexecdir='${exec_prefix}/libexec'
localedir='${datarootdir}/locale'
localstatedir='/var'
lt_ECHO='echo'
mandir='${datarootdir}/man'
mkdir_p='/bin/mkdir -p'
oldincludedir='/usr/include'
pdfdir='${docdir}'
prefix='/usr'
program_transform_name='s,x,x,'
psdir='${docdir}'
sbindir='${exec_prefix}/sbin'
sharedstatedir='${prefix}/com'
sysconfdir='/etc/sysconfig'
target_alias=''

## ----------- ##
## confdefs.h. ##
## ----------- ##

/* confdefs.h */
#define PACKAGE_NAME "gmhome"
#define PACKAGE_TARNAME "gmhome"
#define PACKAGE_VERSION "SysHome"
#define PACKAGE_STRING "gmhome SysHome"
#define PACKAGE_BUGREPORT "gnumonitor@gnumonitor.com.ar"
#define PACKAGE_URL ""
#define PACKAGE "gmhome"
#define VERSION "SysHome"
#define STDC_HEADERS 1
#define HAVE_SYS_TYPES_H 1
#define HAVE_SYS_STAT_H 1
#define HAVE_STDLIB_H 1
#define HAVE_STRING_H 1
#define HAVE_MEMORY_H 1
#define HAVE_STRINGS_H 1
#define HAVE_INTTYPES_H 1
#define HAVE_STDINT_H 1
#define HAVE_UNISTD_H 1
#define HAVE_DLFCN_H 1
#define LT_OBJDIR ".libs/"
#define STDC_HEADERS 1
#define HAVE_SYS_WAIT_H 1
#define HAVE_STDLIB_H 1
#define HAVE_STRING_H 1
#define HAVE_SYS_TIME_H 1
#define HAVE_SYSLOG_H 1
#define HAVE_UNISTD_H 1
#define HAVE_FORK 1
#define HAVE_VFORK 1
#define HAVE_WORKING_VFORK 1
#define HAVE_WORKING_FORK 1
#define HAVE_STDLIB_H 1
#define HAVE_MALLOC 1
#define RETSIGTYPE void
#define LSTAT_FOLLOWS_SLASHED_SYMLINK 1
#define HAVE_VPRINTF 1
#define HAVE_ALARM 1
#define HAVE_DUP2 1
#define HAVE_MEMSET 1
#define HAVE_STRERROR 1
#define HAVE_STRSTR 1

configure: exit 0
